twa/app/build/intermediates/manifest_merge_blame_file/release/processReleaseMainManifest/manifest-merger-blame-release-report.txt
1<?xml version="1.0" encoding="utf-8"?>
2<manifest xmlns:android="http://schemas.android.com/apk/res/android"
3    package="cl.favric.proxi"
4    android:versionCode="1"
5    android:versionName="1.0" >
6
7    <uses-sdk
8        android:minSdkVersion="21"
9        android:targetSdkVersion="35" />
10
11    <queries>
11-->[com.google.androidbrowserhelper:androidbrowserhelper:2.6.2] AndroidManifest.xml:22:5-30:15
12        <intent>
12-->[com.google.androidbrowserhelper:androidbrowserhelper:2.6.2] AndroidManifest.xml:23:9-29:18
13            <action android:name="android.intent.action.VIEW" />
13-->src\main\AndroidManifest.xml:39:17-69
13-->src\main\AndroidManifest.xml:39:25-66
14
15            <category android:name="android.intent.category.BROWSABLE" />
15-->src\main\AndroidManifest.xml:41:17-78
15-->src\main\AndroidManifest.xml:41:27-75
16
17            <data android:scheme="https" />
17-->src\main\AndroidManifest.xml:42:17-82
17-->src\main\AndroidManifest.xml:42:23-45
18        </intent>
19    </queries>
20
21    <permission
21-->[androidx.core:core:1.13.0] AndroidManifest.xml:22:5-24:47
22        android:name="cl.favric.proxi.DYNAMIC_RECEIVER_NOT_EXPORTED_PERMISSION"
22-->[androidx.core:core:1.13.0] AndroidManifest.xml:23:9-81
23        android:protectionLevel="signature" />
23-->[androidx.core:core:1.13.0] AndroidManifest.xml:24:9-44
24
25    <uses-permission android:name="cl.favric.proxi.DYNAMIC_RECEIVER_NOT_EXPORTED_PERMISSION" />
25-->[androidx.core:core:1.13.0] AndroidManifest.xml:26:5-97
25-->[androidx.core:core:1.13.0] AndroidManifest.xml:26:22-94
26
27    <application
27-->src\main\AndroidManifest.xml:3:5-45:19
28        android:allowBackup="true"
28-->src\main\AndroidManifest.xml:6:9-35
29        android:appComponentFactory="androidx.core.app.CoreComponentFactory"
29-->[androidx.core:core:1.13.0] AndroidManifest.xml:28:18-86
30        android:extractNativeLibs="true"
31        android:icon="@mipmap/ic_launcher"
31-->src\main\AndroidManifest.xml:5:9-43
32        android:label="@string/app_name"
32-->src\main\AndroidManifest.xml:4:9-41
33        android:supportsRtl="true" >
33-->src\main\AndroidManifest.xml:7:9-35
34
35        <!-- Vincula la app con proxi-live.web.app (Digital Asset Links) -->
36        <meta-data
36-->src\main\AndroidManifest.xml:10:9-12:59
37            android:name="asset_statements"
37-->src\main\AndroidManifest.xml:11:13-44
38            android:resource="@string/asset_statements" />
38-->src\main\AndroidManifest.xml:12:13-56
39
40        <activity
40-->src\main\AndroidManifest.xml:14:9-44:20
41            android:name="com.google.androidbrowserhelper.trusted.LauncherActivity"
41-->src\main\AndroidManifest.xml:15:13-84
42            android:exported="true"
42-->src\main\AndroidManifest.xml:16:13-36
43            android:theme="@android:style/Theme.Translucent.NoTitleBar" >
43-->src\main\AndroidManifest.xml:17:13-72
44            <meta-data
44-->src\main\AndroidManifest.xml:19:13-21:62
45                android:name="android.support.customtabs.trusted.DEFAULT_URL"
45-->src\main\AndroidManifest.xml:20:17-78
46                android:value="https://proxi-live.web.app" />
46-->src\main\AndroidManifest.xml:21:17-59
47            <meta-data
47-->src\main\AndroidManifest.xml:22:13-24:55
48                android:name="android.support.customtabs.trusted.STATUS_BAR_COLOR"
48-->src\main\AndroidManifest.xml:23:17-83
49                android:resource="@color/statusBar" />
49-->src\main\AndroidManifest.xml:24:17-52
50            <meta-data
50-->src\main\AndroidManifest.xml:25:13-27:55
51                android:name="android.support.customtabs.trusted.NAVIGATION_BAR_COLOR"
51-->src\main\AndroidManifest.xml:26:17-87
52                android:resource="@color/statusBar" />
52-->src\main\AndroidManifest.xml:27:17-52
53            <meta-data
53-->src\main\AndroidManifest.xml:28:13-30:48
54                android:name="android.support.customtabs.trusted.SPLASH_SCREEN_BACKGROUND_COLOR"
54-->src\main\AndroidManifest.xml:29:17-97
55                android:resource="@color/bg" />
55-->src\main\AndroidManifest.xml:30:17-45
56
57            <intent-filter>
57-->src\main\AndroidManifest.xml:32:13-35:29
58                <action android:name="android.intent.action.MAIN" />
58-->src\main\AndroidManifest.xml:33:17-69
58-->src\main\AndroidManifest.xml:33:25-66
59
60                <category android:name="android.intent.category.LAUNCHER" />
60-->src\main\AndroidManifest.xml:34:17-77
60-->src\main\AndroidManifest.xml:34:27-74
61            </intent-filter>
62
63            <!-- Los links de salas/juntas abren directo en la app -->
64            <intent-filter android:autoVerify="true" >
64-->src\main\AndroidManifest.xml:38:13-43:29
64-->src\main\AndroidManifest.xml:38:28-53
65                <action android:name="android.intent.action.VIEW" />
65-->src\main\AndroidManifest.xml:39:17-69
65-->src\main\AndroidManifest.xml:39:25-66
66
67                <category android:name="android.intent.category.DEFAULT" />
67-->src\main\AndroidManifest.xml:40:17-76
67-->src\main\AndroidManifest.xml:40:27-73
68                <category android:name="android.intent.category.BROWSABLE" />
68-->src\main\AndroidManifest.xml:41:17-78
68-->src\main\AndroidManifest.xml:41:27-75
69
70                <data
70-->src\main\AndroidManifest.xml:42:17-82
71                    android:host="proxi-live.web.app"
71-->src\main\AndroidManifest.xml:42:46-79
72                    android:scheme="https" />
72-->src\main\AndroidManifest.xml:42:23-45
73            </intent-filter>
74        </activity>
75
76        <provider
76-->[androidx.emoji2:emoji2:1.3.0] AndroidManifest.xml:24:9-32:20
77            android:name="androidx.startup.InitializationProvider"
77-->[androidx.emoji2:emoji2:1.3.0] AndroidManifest.xml:25:13-67
78            android:authorities="cl.favric.proxi.androidx-startup"
78-->[androidx.emoji2:emoji2:1.3.0] AndroidManifest.xml:26:13-68
79            android:exported="false" >
79-->[androidx.emoji2:emoji2:1.3.0] AndroidManifest.xml:27:13-37
80            <meta-data
80-->[androidx.emoji2:emoji2:1.3.0] AndroidManifest.xml:29:13-31:52
81                android:name="androidx.emoji2.text.EmojiCompatInitializer"
81-->[androidx.emoji2:emoji2:1.3.0] AndroidManifest.xml:30:17-75
82                android:value="androidx.startup" />
82-->[androidx.emoji2:emoji2:1.3.0] AndroidManifest.xml:31:17-49
83            <meta-data
83-->[androidx.lifecycle:lifecycle-process:2.6.2] AndroidManifest.xml:29:13-31:52
84                android:name="androidx.lifecycle.ProcessLifecycleInitializer"
84-->[androidx.lifecycle:lifecycle-process:2.6.2] AndroidManifest.xml:30:17-78
85                android:value="androidx.startup" />
85-->[androidx.lifecycle:lifecycle-process:2.6.2] AndroidManifest.xml:31:17-49
86            <meta-data
86-->[androidx.profileinstaller:profileinstaller:1.3.1] AndroidManifest.xml:29:13-31:52
87                android:name="androidx.profileinstaller.ProfileInstallerInitializer"
87-->[androidx.profileinstaller:profileinstaller:1.3.1] AndroidManifest.xml:30:17-85
88                android:value="androidx.startup" />
88-->[androidx.profileinstaller:profileinstaller:1.3.1] AndroidManifest.xml:31:17-49
89        </provider>
90
91        <receiver
91-->[androidx.profileinstaller:profileinstaller:1.3.1] AndroidManifest.xml:34:9-52:20
92            android:name="androidx.profileinstaller.ProfileInstallReceiver"
92-->[androidx.profileinstaller:profileinstaller:1.3.1] AndroidManifest.xml:35:13-76
93            android:directBootAware="false"
93-->[androidx.profileinstaller:profileinstaller:1.3.1] AndroidManifest.xml:36:13-44
94            android:enabled="true"
94-->[androidx.profileinstaller:profileinstaller:1.3.1] AndroidManifest.xml:37:13-35
95            android:exported="true"
95-->[androidx.profileinstaller:profileinstaller:1.3.1] AndroidManifest.xml:38:13-36
96            android:permission="android.permission.DUMP" >
96-->[androidx.profileinstaller:profileinstaller:1.3.1] AndroidManifest.xml:39:13-57
97            <intent-filter>
97-->[androidx.profileinstaller:profileinstaller:1.3.1] AndroidManifest.xml:40:13-42:29
98                <action android:name="androidx.profileinstaller.action.INSTALL_PROFILE" />
98-->[androidx.profileinstaller:profileinstaller:1.3.1] AndroidManifest.xml:41:17-91
98-->[androidx.profileinstaller:profileinstaller:1.3.1] AndroidManifest.xml:41:25-88
99            </intent-filter>
100            <intent-filter>
100-->[androidx.profileinstaller:profileinstaller:1.3.1] AndroidManifest.xml:43:13-45:29
101                <action android:name="androidx.profileinstaller.action.SKIP_FILE" />
101-->[androidx.profileinstaller:profileinstaller:1.3.1] AndroidManifest.xml:44:17-85
101-->[androidx.profileinstaller:profileinstaller:1.3.1] AndroidManifest.xml:44:25-82
102            </intent-filter>
103            <intent-filter>
103-->[androidx.profileinstaller:profileinstaller:1.3.1] AndroidManifest.xml:46:13-48:29
104                <action android:name="androidx.profileinstaller.action.SAVE_PROFILE" />
104-->[androidx.profileinstaller:profileinstaller:1.3.1] AndroidManifest.xml:47:17-88
104-->[androidx.profileinstaller:profileinstaller:1.3.1] AndroidManifest.xml:47:25-85
105            </intent-filter>
106            <intent-filter>
106-->[androidx.profileinstaller:profileinstaller:1.3.1] AndroidManifest.xml:49:13-51:29
107                <action android:name="androidx.profileinstaller.action.BENCHMARK_OPERATION" />
107-->[androidx.profileinstaller:profileinstaller:1.3.1] AndroidManifest.xml:50:17-95
107-->[androidx.profileinstaller:profileinstaller:1.3.1] AndroidManifest.xml:50:25-92
108            </intent-filter>
109        </receiver>
110    </application>
111
112</manifest>